<?xml version="1.0" encoding="UTF-8"?>
<!-- Generated by org.testng.reporters.JUnitReportReporter -->
<testsuite hostname="Sidharth" failures="0" tests="1" name="testngdemo_1.LaunchChromeBrowser" time="14.961" errors="0" timestamp="2023-11-29T23:25:12 IST" skipped="0">
  <testcase classname="testngdemo_1.LaunchChromeBrowser" name="LaunchChromeBrowser" time="14.961"/>
</testsuite> <!-- testngdemo_1.LaunchChromeBrowser -->
