<?xml version="1.0" encoding="UTF-8"?>
<!-- Generated by org.testng.reporters.JUnitReportReporter -->
<testsuite hostname="Sidharth" failures="0" tests="3" name="testngdemo_1.Class_3" time="0.008" errors="0" timestamp="2023-11-29T23:25:12 IST" skipped="0">
  <testcase classname="testngdemo_1.Class_3" name="buyProduct" time="0.002"/>
  <testcase classname="testngdemo_1.Class_3" name="search" time="0.001"/>
  <testcase classname="testngdemo_1.Class_3" name="advancedSearch" time="0.005"/>
</testsuite> <!-- testngdemo_1.Class_3 -->
