<?xml version="1.0" encoding="UTF-8"?>
<!-- Generated by org.testng.reporters.JUnitReportReporter -->
<testsuite hostname="Sidharth" failures="0" tests="3" name="testngdemo_1.Class_4" time="0.003" errors="0" timestamp="2023-11-30T18:25:01 IST" skipped="0">
  <testcase classname="testngdemo_1.Class_4" name="accountSummary" time="0.001"/>
  <testcase classname="testngdemo_1.Class_4" name="fundTransfer" time="0.000"/>
  <testcase classname="testngdemo_1.Class_4" name="billPayment" time="0.002"/>
</testsuite> <!-- testngdemo_1.Class_4 -->
